<?xml version="1.0" encoding="UTF-8"?>
<!-- Generated by org.testng.reporters.JUnitReportReporter -->
<testsuite skipped="0" hostname="LAPTOP-BF55EUJ7" name="test.CompanyTest" tests="4" failures="0" timestamp="2021-09-07T22:16:25 MSK" time="2.107" errors="0">
  <testcase name="updateCompany" time="0.000" classname="test.CompanyTest"/>
  <system-out/>
  <testcase name="addCompany" time="1.966" classname="test.CompanyTest"/>
  <system-out/>
  <testcase name="deleteCompany" time="0.125" classname="test.CompanyTest"/>
  <system-out/>
  <testcase name="getCompaniesByName" time="0.016" classname="test.CompanyTest"/>
  <system-out/>
</testsuite> <!-- test.CompanyTest -->
