<?xml version="1.0" encoding="UTF-8"?>
<!-- Generated by org.testng.reporters.JUnitReportReporter -->
<testsuite skipped="0" hostname="LAPTOP-BF55EUJ7" name="test.StudentTest" tests="4" failures="0" timestamp="2021-09-07T22:16:25 MSK" time="0.059" errors="0">
  <testcase name="addStudent" time="0.010" classname="test.StudentTest"/>
  <system-out/>
  <testcase name="updateStudent" time="0.015" classname="test.StudentTest"/>
  <system-out/>
  <testcase name="deleteStudent" time="0.003" classname="test.StudentTest"/>
  <system-out/>
  <testcase name="getPassedCoursesForStudent" time="0.031" classname="test.StudentTest"/>
  <system-out/>
</testsuite> <!-- test.StudentTest -->
