<?xml version="1.0" encoding="UTF-8"?>
<!-- Generated by org.testng.reporters.JUnitReportReporter -->
<testsuite skipped="0" hostname="LAPTOP-BF55EUJ7" name="test.CourseTest" tests="5" failures="0" timestamp="2021-09-07T22:16:25 MSK" time="0.125" errors="0">
  <testcase name="getFinishedCourses" time="0.016" classname="test.CourseTest"/>
  <system-out/>
  <testcase name="deleteCourse" time="0.032" classname="test.CourseTest"/>
  <system-out/>
  <testcase name="addCourse" time="0.015" classname="test.CourseTest"/>
  <system-out/>
  <testcase name="getCurrentCourses" time="0.046" classname="test.CourseTest"/>
  <system-out/>
  <testcase name="updateCourse" time="0.016" classname="test.CourseTest"/>
  <system-out/>
</testsuite> <!-- test.CourseTest -->
