<?xml version="1.0" encoding="UTF-8"?>
<!-- Generated by org.testng.reporters.JUnitReportReporter -->
<testsuite skipped="0" hostname="LAPTOP-BF55EUJ7" name="test.StudentTest" tests="4" failures="0" timestamp="2021-03-29T18:30:48 MSK" time="0.050" errors="0">
  <testcase name="getPassedCoursesForStudent" time="0.034" classname="test.StudentTest"/>
  <system-out/>
  <testcase name="deleteStudent" time="0.008" classname="test.StudentTest"/>
  <system-out/>
  <testcase name="addStudent" time="0.003" classname="test.StudentTest"/>
  <system-out/>
  <testcase name="updateStudent" time="0.005" classname="test.StudentTest"/>
  <system-out/>
</testsuite> <!-- test.StudentTest -->
