<?xml version="1.0" encoding="UTF-8"?>
<!-- Generated by org.testng.reporters.JUnitReportReporter -->
<testsuite skipped="0" hostname="LAPTOP-BF55EUJ7" name="test.CourseTest" tests="5" failures="0" timestamp="2021-03-29T18:30:48 MSK" time="0.094" errors="0">
  <testcase name="addCourse" time="0.012" classname="test.CourseTest"/>
  <system-out/>
  <testcase name="deleteCourse" time="0.018" classname="test.CourseTest"/>
  <system-out/>
  <testcase name="getFinishedCourses" time="0.014" classname="test.CourseTest"/>
  <system-out/>
  <testcase name="getCurrentCourses" time="0.041" classname="test.CourseTest"/>
  <system-out/>
  <testcase name="updateCourse" time="0.009" classname="test.CourseTest"/>
  <system-out/>
</testsuite> <!-- test.CourseTest -->
