<?xml version="1.0" encoding="UTF-8"?>
<!-- Generated by org.testng.reporters.JUnitReportReporter -->
<testsuite skipped="0" hostname="LAPTOP-BF55EUJ7" name="test.TeacherTest" tests="3" failures="0" timestamp="2021-03-29T18:30:48 MSK" time="0.028" errors="0">
  <testcase name="addTeacher" time="0.004" classname="test.TeacherTest"/>
  <system-out/>
  <testcase name="deleteTeacher" time="0.017" classname="test.TeacherTest"/>
  <system-out/>
  <testcase name="updateTeacher" time="0.007" classname="test.TeacherTest"/>
  <system-out/>
</testsuite> <!-- test.TeacherTest -->
