<?xml version="1.0" encoding="UTF-8"?>
<!-- Generated by org.testng.reporters.JUnitReportReporter -->
<testsuite skipped="0" hostname="LAPTOP-BF55EUJ7" name="test.CompanyTest" tests="4" failures="0" timestamp="2021-03-29T18:30:48 MSK" time="2.552" errors="0">
  <testcase name="updateCompany" time="0.008" classname="test.CompanyTest"/>
  <system-out/>
  <testcase name="addCompany" time="2.426" classname="test.CompanyTest"/>
  <system-out/>
  <testcase name="deleteCompany" time="0.111" classname="test.CompanyTest"/>
  <system-out/>
  <testcase name="getCompaniesByName" time="0.007" classname="test.CompanyTest"/>
  <system-out/>
</testsuite> <!-- test.CompanyTest -->
