<?xml version="1.0" encoding="UTF-8"?>
<!-- Generated by org.testng.reporters.JUnitReportReporter -->
<testsuite skipped="0" hostname="LAPTOP-BF55EUJ7" name="test.LessonTest" tests="5" failures="0" timestamp="2021-03-29T18:30:48 MSK" time="0.103" errors="0">
  <testcase name="updateLesson" time="0.011" classname="test.LessonTest"/>
  <system-out/>
  <testcase name="addLesson" time="0.014" classname="test.LessonTest"/>
  <system-out/>
  <testcase name="getScheduleForStudentUntil" time="0.035" classname="test.LessonTest"/>
  <system-out/>
  <testcase name="deleteLesson" time="0.028" classname="test.LessonTest"/>
  <system-out/>
  <testcase name="getScheduleForTeacherUntil" time="0.015" classname="test.LessonTest"/>
  <system-out/>
</testsuite> <!-- test.LessonTest -->
