<?xml version="1.0" encoding="UTF-8"?>
<!-- Generated by org.testng.reporters.JUnitReportReporter -->
<testsuite skipped="0" hostname="LAPTOP-BF55EUJ7" name="test.CompanyTest" tests="4" failures="0" timestamp="2021-03-31T17:40:37 MSK" time="2.449" errors="0">
  <testcase name="updateCompany" time="0.008" classname="test.CompanyTest"/>
  <system-out/>
  <testcase name="addCompany" time="2.317" classname="test.CompanyTest"/>
  <system-out/>
  <testcase name="deleteCompany" time="0.120" classname="test.CompanyTest"/>
  <system-out/>
  <testcase name="getCompaniesByName" time="0.004" classname="test.CompanyTest"/>
  <system-out/>
</testsuite> <!-- test.CompanyTest -->
