<?xml version="1.0" encoding="UTF-8"?>
<!-- Generated by org.testng.reporters.JUnitReportReporter -->
<testsuite skipped="0" hostname="LAPTOP-BF55EUJ7" name="test.LessonTest" tests="5" failures="0" timestamp="2021-03-31T17:40:37 MSK" time="0.094" errors="0">
  <testcase name="updateLesson" time="0.009" classname="test.LessonTest"/>
  <system-out/>
  <testcase name="addLesson" time="0.013" classname="test.LessonTest"/>
  <system-out/>
  <testcase name="getScheduleForStudentUntil" time="0.033" classname="test.LessonTest"/>
  <system-out/>
  <testcase name="deleteLesson" time="0.026" classname="test.LessonTest"/>
  <system-out/>
  <testcase name="getScheduleForTeacherUntil" time="0.013" classname="test.LessonTest"/>
  <system-out/>
</testsuite> <!-- test.LessonTest -->
