<?xml version="1.0" encoding="UTF-8"?>
<!-- Generated by org.testng.reporters.JUnitReportReporter -->
<testsuite skipped="0" hostname="LAPTOP-BF55EUJ7" name="test.CourseTest" tests="5" failures="0" timestamp="2021-03-31T17:40:37 MSK" time="0.091" errors="0">
  <testcase name="addCourse" time="0.010" classname="test.CourseTest"/>
  <system-out/>
  <testcase name="deleteCourse" time="0.018" classname="test.CourseTest"/>
  <system-out/>
  <testcase name="getFinishedCourses" time="0.016" classname="test.CourseTest"/>
  <system-out/>
  <testcase name="getCurrentCourses" time="0.038" classname="test.CourseTest"/>
  <system-out/>
  <testcase name="updateCourse" time="0.009" classname="test.CourseTest"/>
  <system-out/>
</testsuite> <!-- test.CourseTest -->
