<?xml version="1.0" encoding="UTF-8"?>
<!-- Generated by org.testng.reporters.JUnitReportReporter -->
<testsuite skipped="0" hostname="LAPTOP-BF55EUJ7" name="test.StudentTest" tests="4" failures="0" timestamp="2021-03-31T17:40:37 MSK" time="0.042" errors="0">
  <testcase name="getPassedCoursesForStudent" time="0.028" classname="test.StudentTest"/>
  <system-out/>
  <testcase name="deleteStudent" time="0.007" classname="test.StudentTest"/>
  <system-out/>
  <testcase name="addStudent" time="0.003" classname="test.StudentTest"/>
  <system-out/>
  <testcase name="updateStudent" time="0.004" classname="test.StudentTest"/>
  <system-out/>
</testsuite> <!-- test.StudentTest -->
