<?xml version="1.0" encoding="UTF-8"?>
<!-- Generated by org.testng.reporters.JUnitReportReporter -->
<testsuite skipped="0" hostname="LAPTOP-BF55EUJ7" name="test.TeacherTest" tests="3" failures="0" timestamp="2021-03-31T17:40:37 MSK" time="0.027" errors="0">
  <testcase name="addTeacher" time="0.006" classname="test.TeacherTest"/>
  <system-out/>
  <testcase name="deleteTeacher" time="0.013" classname="test.TeacherTest"/>
  <system-out/>
  <testcase name="updateTeacher" time="0.008" classname="test.TeacherTest"/>
  <system-out/>
</testsuite> <!-- test.TeacherTest -->
