<?xml version="1.0" encoding="UTF-8"?>
<!-- Generated by org.testng.reporters.JUnitReportReporter -->
<testsuite skipped="0" hostname="LAPTOP-BF55EUJ7" name="test.TeacherTest" tests="3" failures="0" timestamp="2021-09-07T22:16:25 MSK" time="0.032" errors="0">
  <testcase name="updateTeacher" time="0.016" classname="test.TeacherTest"/>
  <system-out/>
  <testcase name="addTeacher" time="0.000" classname="test.TeacherTest"/>
  <system-out/>
  <testcase name="deleteTeacher" time="0.016" classname="test.TeacherTest"/>
  <system-out/>
</testsuite> <!-- test.TeacherTest -->
