<?xml version="1.0" encoding="UTF-8"?>
<!-- Generated by org.testng.reporters.JUnitReportReporter -->
<testsuite skipped="0" hostname="LAPTOP-BF55EUJ7" name="test.LessonTest" tests="5" failures="0" timestamp="2021-09-07T22:16:25 MSK" time="0.125" errors="0">
  <testcase name="addLesson" time="0.015" classname="test.LessonTest"/>
  <system-out/>
  <testcase name="deleteLesson" time="0.032" classname="test.LessonTest"/>
  <system-out/>
  <testcase name="getScheduleForTeacher" time="0.015" classname="test.LessonTest"/>
  <system-out/>
  <testcase name="updateLesson" time="0.016" classname="test.LessonTest"/>
  <system-out/>
  <testcase name="getScheduleForStudent" time="0.047" classname="test.LessonTest"/>
  <system-out/>
</testsuite> <!-- test.LessonTest -->
